Arguments: 
  C:\Program Files\nodejs\node.exe C:\Users\ksahin\AppData\Roaming\npm\node_modules\yarn\bin\yarn.js start

PATH: 
  C:\ProgramData\DockerDesktop\version-bin;C:\Program Files\Docker\Docker\Resources\bin;C:\app\ksahin\product\12.1.0\client_1;C:\app\ksahin\product\12.1.0\client_1\bin;C:\WINDOWS\system32;C:\WINDOWS;C:\WINDOWS\System32\Wbem;C:\WINDOWS\System32\WindowsPowerShell\v1.0\;C:\Program Files\Git\cmd;C:\Users\ksahin\.dnx\bin;C:\Program Files\Microsoft DNX\Dnvm\;C:\Program Files\Microsoft SQL Server\130\Tools\Binn\;C:\ProgramData\chocolatey\bin;C:\Program Files\Java\jdk1.8.0_162\bin;C:\Program Files\dotnet\;C:\Program Files\Microsoft VS Code\bin;C:\Program Files\Microsoft SQL Server\Client SDK\ODBC\170\Tools\Binn\;C:\Program Files\nodejs\;C:\Users\ksahin\AppData\Local\Microsoft\WindowsApps;;C:\Program Files\Microsoft VS Code\bin;C:\Users\ksahin\AppData\Local\Programs\Fiddler;C:\Users\ksahin\.dotnet\tools;C:\Users\ksahin\AppData\Roaming\npm;C:\Users\ksahin\AppData\Local\Programs\Microsoft VS Code\bin

Yarn version: 
  1.15.2

Node version: 
  10.16.3

Platform: 
  win32 x64

Trace: 
  SyntaxError: C:\Users\ksahin\Desktop\retro-board\packages\server\package.json: Unexpected token } in JSON at position 391
      at JSON.parse (<anonymous>)
      at C:\Users\ksahin\AppData\Roaming\npm\node_modules\yarn\lib\cli.js:1625:59
      at Generator.next (<anonymous>)
      at step (C:\Users\ksahin\AppData\Roaming\npm\node_modules\yarn\lib\cli.js:304:30)
      at C:\Users\ksahin\AppData\Roaming\npm\node_modules\yarn\lib\cli.js:315:13

npm manifest: 
  {
      "name": "server",
      "version": "1.0.0",
      "devDependencies": {
          "@babel/core": "7.7.2",
          "@babel/preset-env": "7.7.1",
          "@babel/preset-typescript": "7.7.2",
          "nodemon": "1.19.4",
          "typescript": "3.4.3",
          "webpack": "4.41.2",
          "webpack-cli": "3.3.10",
          "webpack-node-externals": "^1.7.2",
          "concurrently": "5.0.0",
      },
      "dependencies": {
          "@types/express": "4.11.1",
          "@types/node": "12.12.2",
          "express": "4.17.1"
      },
      "scripts": {
          "start:webpack": "webpack --config config/webpack.config.js -d",
          "start:server": "nodemon dist/index.js",
          "start": "concurrently yarn:start:webpack yarn:start:server"
      }
  }

yarn manifest: 
  No manifest

Lockfile: 
  No lockfile
